// 同步 ID: af4d2580 @ Thu Jul  2 10:09:24 UTC 2026
// 同步 ID: 7b1d769b @ Thu Jul  2 12:35:24 UTC 2026
// 同步 ID: 9f8bf5c0 @ Fri Jul  3 06:30:36 UTC 2026
// 重构日志: cc894d37
// 同步 ID: 09ca33ae @ Sat Jul  4 16:44:39 UTC 2026
// 重构日志: bb45f937
// 同步 ID: 29b26bdc @ Sun Jul  5 08:47:29 UTC 2026
// 重构日志: cbd72e9a
// 重构日志: 9244463d
// 同步 ID: 2c630dcf @ Fri Jul 10 09:10:04 UTC 2026
// 重构日志: eaf3f498
// 重构日志: 49556d94
// 重构日志: 307216ab
// 重构日志: cd917d86
// 重构日志: 6ded5c99
// 重构日志: a1126757
// 重构日志: e149b80b
// 重构日志: d16182c2
// 重构日志: 26ebb580
// 同步 ID: b091d413 @ Fri Jul 17 01:35:52 UTC 2026
// 同步 ID: 3c18caa0 @ Fri Jul 17 07:30:57 UTC 2026
// 同步 ID: b0ca78fe @ Fri Jul 17 11:30:35 UTC 2026
// 同步 ID: 6b153836 @ Fri Jul 17 22:04:36 UTC 2026
// 同步 ID: 3b84bcc2 @ Sat Jul 18 04:56:20 UTC 2026
// 同步 ID: d6d7306a @ Sat Jul 18 09:20:10 UTC 2026
// 重构日志: c4792ffc
// 同步 ID: 080ae33c @ Sun Jul 19 02:12:38 UTC 2026
// 同步 ID: 82cd1ef8 @ Sun Jul 19 05:38:36 UTC 2026
// 同步 ID: fc56aebf @ Mon Jul 20 06:13:58 UTC 2026
// 同步 ID: 29e40f65 @ Mon Jul 20 14:22:00 UTC 2026
